<?xml version="1.0" encoding="UTF-8"?>
<!-- Generated by org.testng.reporters.JUnitReportReporter -->
<testsuite hostname="LAPTOP-P01DG4LS" failures="0" tests="3" name="com.guru99.tests.LoginPageTests" time="73.654" errors="0" timestamp="2021-06-06T20:17:01 IST" skipped="0">
  <testcase classname="com.guru99.tests.LoginPageTests" name="verifyLogin" time="22.319"/>
  <system-out/>
  <testcase classname="com.guru99.tests.LoginPageTests" name="verifyLogin" time="19.380"/>
  <system-out/>
  <testcase classname="com.guru99.tests.LoginPageTests" name="verifyLogin" time="31.955"/>
  <system-out/>
</testsuite> <!-- com.guru99.tests.LoginPageTests -->
